<?xml version="1.0" encoding="UTF-8"?>
<!-- Generated by org.testng.reporters.JUnitReportReporter -->
<testsuite hostname="sayburgh" failures="0" tests="3" name="samplePackage.SomoySchoolTest" time="13.011" errors="0" timestamp="2024-03-03T16:32:48 BDT" skipped="0">
  <testcase classname="samplePackage.SomoySchoolTest" name="launchApp" time="4.474"/>
  <testcase classname="samplePackage.SomoySchoolTest" name="otp" time="2.244"/>
  <testcase classname="samplePackage.SomoySchoolTest" name="login" time="6.293"/>
</testsuite> <!-- samplePackage.SomoySchoolTest -->
