<?xml version="1.0" encoding="UTF-8"?>
<!-- Generated by org.testng.reporters.JUnitReportReporter -->
<testsuite hostname="sayburgh" failures="0" tests="1" name="com.SomoySchool.testcases.ProfileEditPageTest" time="27.896" errors="0" timestamp="2024-03-05T15:31:57 BDT" skipped="0">
  <testcase classname="com.SomoySchool.testcases.ProfileEditPageTest" name="profileUpdateTest" time="27.896"/>
</testsuite> <!-- com.SomoySchool.testcases.ProfileEditPageTest -->
