<?xml version="1.0" encoding="UTF-8"?>
<!-- Generated by org.testng.reporters.JUnitReportReporter -->
<testsuite hostname="sayburgh" failures="0" tests="1" name="com.SomoySchool.testcases.AfterLoginHomePageTest" time="37.247" errors="0" timestamp="2024-03-12T11:47:58 BDT" skipped="0">
  <testcase classname="com.SomoySchool.testcases.AfterLoginHomePageTest" name="clickOnProfilePicAndBtnTest" time="37.247"/>
</testsuite> <!-- com.SomoySchool.testcases.AfterLoginHomePageTest -->
