<?xml version="1.0" encoding="UTF-8"?>
<!-- Generated by org.testng.reporters.JUnitReportReporter -->
<testsuite hostname="sayburgh" failures="0" tests="1" name="com.SomoySchool.base.BaseClass" time="5.640" errors="0" timestamp="2024-03-03T12:01:11 BDT" skipped="0">
  <testcase classname="com.SomoySchool.base.BaseClass" name="setup" time="5.640"/>
</testsuite> <!-- com.SomoySchool.base.BaseClass -->
