<?xml version="1.0" encoding="UTF-8"?>
<!-- Generated by org.testng.reporters.JUnitReportReporter -->
<testsuite hostname="sayburgh" failures="0" tests="1" name="com.SomoySchool.testcases.MyProfilePageTest" time="15.578" errors="0" timestamp="2024-03-04T15:35:41 BDT" skipped="0">
  <testcase classname="com.SomoySchool.testcases.MyProfilePageTest" name="clickOnProfileEditBtnTest" time="15.578"/>
</testsuite> <!-- com.SomoySchool.testcases.MyProfilePageTest -->
