<?xml version="1.0" encoding="UTF-8"?>
<!-- Generated by org.testng.reporters.JUnitReportReporter -->
<testsuite hostname="sayburgh" failures="0" tests="1" name="com.SomoySchool.testcases.LoginPageTest" time="27.025" errors="0" timestamp="2024-03-04T16:00:17 BDT" skipped="0">
  <testcase classname="com.SomoySchool.testcases.LoginPageTest" name="loginTest" time="27.025"/>
</testsuite> <!-- com.SomoySchool.testcases.LoginPageTest -->
